<?xml version="1.0" encoding="UTF-8"?>
<!-- Generated by org.testng.reporters.JUnitReportReporter -->
<testsuite hostname="Akshay-Laptop" failures="0" tests="1" name="TestClass_1.Superheros_signupmodule_Test" time="36.337" errors="0" timestamp="2023-01-29T17:42:17 IST" skipped="0">
  <testcase classname="TestClass_1.Superheros_signupmodule_Test" name="ragisterpage" time="36.337"/>
  <system-out/>
</testsuite> <!-- TestClass_1.Superheros_signupmodule_Test -->
