<?xml version="1.0" encoding="UTF-8"?>
<!-- Generated by org.testng.reporters.JUnitReportReporter -->
<testsuite hostname="Akshay-Laptop" failures="0" tests="2" name="TestClass_1.Swaglab_test" time="7.160" errors="0" timestamp="2023-01-18T16:15:18 IST" skipped="0">
  <testcase classname="TestClass_1.Swaglab_test" name="logo" time="2.267"/>
  <system-out/>
  <testcase classname="TestClass_1.Swaglab_test" name="addtocartverify" time="4.893"/>
  <system-out/>
</testsuite> <!-- TestClass_1.Swaglab_test -->
